Build started 07/05/2013 07:28:49.
     1>Project "C:\Users\Delcio\Documents\Dropbox\Projects\1GAM\4. Apr - Snake\Snake\Snake\Snake.vcxproj" on node 2 (build target(s)).
     1>InitializeBuildStatus:
         Touching "Debug\Snake.unsuccessfulbuild".
       ClCompile:
         c:\Program Files (x86)\Microsoft Visual Studio 10.0\VC\bin\CL.exe /c /ZI /nologo /W3 /WX- /Od /Oy- /D WIN32 /D _DEBUG /D _CONSOLE /D _UNICODE /D UNICODE /Gm /EHsc /RTC1 /MDd /GS /fp:precise /Zc:wchar_t /Zc:forScope /Fo"Debug\\" /Fd"Debug\vc100.pdb" /Gd /TP /analyze- /errorReport:prompt snake2.cpp
         snake2.cpp
     1>c:\users\delcio\documents\dropbox\projects\1gam\4. apr - snake\snake\snake\snake2.cpp(204): warning C4244: 'argument' : conversion from 'time_t' to 'unsigned int', possible loss of data
       ManifestResourceCompile:
         C:\Program Files (x86)\Microsoft SDKs\Windows\v7.0A\bin\rc.exe /nologo /fo"Debug\Snake.exe.embed.manifest.res" Debug\Snake_manifest.rc 
       Link:
         c:\Program Files (x86)\Microsoft Visual Studio 10.0\VC\bin\link.exe /ERRORREPORT:PROMPT /OUT:"C:\Users\Delcio\Documents\Dropbox\Projects\1GAM\4. Apr - Snake\Snake\Debug\Snake.exe" /INCREMENTAL /NOLOGO kernel32.lib user32.lib gdi32.lib winspool.lib comdlg32.lib advapi32.lib shell32.lib ole32.lib oleaut32.lib uuid.lib odbc32.lib odbccp32.lib /MANIFEST /ManifestFile:"Debug\Snake.exe.intermediate.manifest" /MANIFESTUAC:"level='asInvoker' uiAccess='false'" /DEBUG /PDB:"C:\Users\Delcio\Documents\Dropbox\Projects\1GAM\4. Apr - Snake\Snake\Debug\Snake.pdb" /SUBSYSTEM:CONSOLE /TLBID:1 /DYNAMICBASE /NXCOMPAT /IMPLIB:"C:\Users\Delcio\Documents\Dropbox\Projects\1GAM\4. Apr - Snake\Snake\Debug\Snake.lib" /MACHINE:X86 Debug\Snake.exe.embed.manifest.res
         Debug\snake2.obj
       Manifest:
         C:\Program Files (x86)\Microsoft SDKs\Windows\v7.0A\bin\mt.exe /nologo /verbose /out:"Debug\Snake.exe.embed.manifest" /manifest Debug\Snake.exe.intermediate.manifest
         C:\Program Files (x86)\Microsoft SDKs\Windows\v7.0A\bin\rc.exe /nologo /fo"Debug\Snake.exe.embed.manifest.res" Debug\Snake_manifest.rc 
       LinkEmbedManifest:
         c:\Program Files (x86)\Microsoft Visual Studio 10.0\VC\bin\link.exe /ERRORREPORT:PROMPT /OUT:"C:\Users\Delcio\Documents\Dropbox\Projects\1GAM\4. Apr - Snake\Snake\Debug\Snake.exe" /INCREMENTAL /NOLOGO kernel32.lib user32.lib gdi32.lib winspool.lib comdlg32.lib advapi32.lib shell32.lib ole32.lib oleaut32.lib uuid.lib odbc32.lib odbccp32.lib /MANIFEST /ManifestFile:"Debug\Snake.exe.intermediate.manifest" /MANIFESTUAC:"level='asInvoker' uiAccess='false'" /DEBUG /PDB:"C:\Users\Delcio\Documents\Dropbox\Projects\1GAM\4. Apr - Snake\Snake\Debug\Snake.pdb" /SUBSYSTEM:CONSOLE /TLBID:1 /DYNAMICBASE /NXCOMPAT /IMPLIB:"C:\Users\Delcio\Documents\Dropbox\Projects\1GAM\4. Apr - Snake\Snake\Debug\Snake.lib" /MACHINE:X86 Debug\Snake.exe.embed.manifest.res
         Debug\snake2.obj
         Snake.vcxproj -> C:\Users\Delcio\Documents\Dropbox\Projects\1GAM\4. Apr - Snake\Snake\Debug\Snake.exe
       FinalizeBuildStatus:
         Deleting file "Debug\Snake.unsuccessfulbuild".
         Touching "Debug\Snake.lastbuildstate".
     1>Done Building Project "C:\Users\Delcio\Documents\Dropbox\Projects\1GAM\4. Apr - Snake\Snake\Snake\Snake.vcxproj" (build target(s)).

Build succeeded.

Time Elapsed 00:00:08.18
